<?xml version="1.0" encoding="UTF-8" ?>
<testsuite failures="0" time="0.031" errors="0" skipped="0" tests="1" name="com.netease.svntoolkit.AppTest">
  <properties>
    <property name="java.runtime.name" value="Java(TM) SE Runtime Environment"/>
    <property name="sun.boot.library.path" value="D:\env\Java\jdk\jre\bin"/>
    <property name="java.vm.version" value="20.0-b11"/>
    <property name="java.vm.vendor" value="Sun Microsystems Inc."/>
    <property name="java.vendor.url" value="http://java.sun.com/"/>
    <property name="path.separator" value=";"/>
    <property name="java.vm.name" value="Java HotSpot(TM) Client VM"/>
    <property name="file.encoding.pkg" value="sun.io"/>
    <property name="user.country" value="CN"/>
    <property name="sun.java.launcher" value="SUN_STANDARD"/>
    <property name="sun.os.patch.level" value="Service Pack 3"/>
    <property name="java.vm.specification.name" value="Java Virtual Machine Specification"/>
    <property name="user.dir" value="D:\workspace\svntoolkit"/>
    <property name="java.runtime.version" value="1.6.0_25-b06"/>
    <property name="java.awt.graphicsenv" value="sun.awt.Win32GraphicsEnvironment"/>
    <property name="basedir" value="D:\workspace\svntoolkit"/>
    <property name="java.endorsed.dirs" value="D:\env\Java\jdk\jre\lib\endorsed"/>
    <property name="os.arch" value="x86"/>
    <property name="surefire.real.class.path" value="D:\workspace\svntoolkit\target\surefire\surefirebooter928600986568609530.jar"/>
    <property name="java.io.tmpdir" value="C:\DOCUME~1\bjhbliu\LOCALS~1\Temp\"/>
    <property name="line.separator" value="
"/>
    <property name="java.vm.specification.vendor" value="Sun Microsystems Inc."/>
    <property name="user.variant" value=""/>
    <property name="os.name" value="Windows XP"/>
    <property name="sun.jnu.encoding" value="GBK"/>
    <property name="java.library.path" value="D:\env\Java\jdk\jre\bin;.;C:\WINDOWS\Sun\Java\bin;C:\WINDOWS\system32;C:\WINDOWS;D:\env\clojure\leiningen\lein\;D:\env\Python\;D:\env\Database\oracleclient;D:\env\opensource\apache\maven\bin;D:\env\opensource\apache\ant\bin;D:\env\Java\jdk\bin;C:\WINDOWS\system32;C:\WINDOWS;C:\WINDOWS\System32\Wbem;C:\Program Files\MacType;C:\Program Files\Common Files\Thunder Network\KanKan\Codecs;D:\env\TortoiseSVN\bin;D:\Program Files\toolkits\Gow\bin;D:\env\git\cmd;D:\env\git\bin"/>
    <property name="surefire.test.class.path" value="D:\workspace\svntoolkit\target\test-classes;D:\workspace\svntoolkit\target\classes;D:\Documents\.m2\repository\org\simpleframework\simple-xml\2.6.2\simple-xml-2.6.2.jar;D:\Documents\.m2\repository\stax\stax-api\1.0.1\stax-api-1.0.1.jar;D:\Documents\.m2\repository\stax\stax\1.2.0\stax-1.2.0.jar;D:\Documents\.m2\repository\xpp3\xpp3\1.1.3.3\xpp3-1.1.3.3.jar;D:\Documents\.m2\repository\org\tmatesoft\svnkit\svnkit\1.3.5\svnkit-1.3.5.jar;D:\Documents\.m2\repository\net\java\dev\jna\jna\3.2.3\jna-3.2.3.jar;D:\Documents\.m2\repository\org\tmatesoft\svnkit\trilead-ssh2\build213-svnkit-1.3-patch\trilead-ssh2-build213-svnkit-1.3-patch.jar;D:\Documents\.m2\repository\org\tmatesoft\sqljet\sqljet\1.0.4\sqljet-1.0.4.jar;D:\Documents\.m2\repository\org\antlr\antlr-runtime\3.1.3\antlr-runtime-3.1.3.jar;D:\Documents\.m2\repository\org\antlr\stringtemplate\3.2\stringtemplate-3.2.jar;D:\Documents\.m2\repository\antlr\antlr\2.7.7\antlr-2.7.7.jar;D:\Documents\.m2\repository\commons-logging\commons-logging\1.1.1\commons-logging-1.1.1.jar;D:\Documents\.m2\repository\log4j\log4j\1.2.16\log4j-1.2.16.jar;D:\Documents\.m2\repository\junit\junit\4.8.1\junit-4.8.1.jar;"/>
    <property name="java.specification.name" value="Java Platform API Specification"/>
    <property name="java.class.version" value="50.0"/>
    <property name="sun.management.compiler" value="HotSpot Client Compiler"/>
    <property name="os.version" value="5.1"/>
    <property name="user.home" value="C:\Documents and Settings\bjhbliu"/>
    <property name="user.timezone" value=""/>
    <property name="java.awt.printerjob" value="sun.awt.windows.WPrinterJob"/>
    <property name="java.specification.version" value="1.6"/>
    <property name="file.encoding" value="GBK"/>
    <property name="user.name" value="bjhbliu"/>
    <property name="java.class.path" value="D:\workspace\svntoolkit\target\test-classes;D:\workspace\svntoolkit\target\classes;D:\Documents\.m2\repository\org\simpleframework\simple-xml\2.6.2\simple-xml-2.6.2.jar;D:\Documents\.m2\repository\stax\stax-api\1.0.1\stax-api-1.0.1.jar;D:\Documents\.m2\repository\stax\stax\1.2.0\stax-1.2.0.jar;D:\Documents\.m2\repository\xpp3\xpp3\1.1.3.3\xpp3-1.1.3.3.jar;D:\Documents\.m2\repository\org\tmatesoft\svnkit\svnkit\1.3.5\svnkit-1.3.5.jar;D:\Documents\.m2\repository\net\java\dev\jna\jna\3.2.3\jna-3.2.3.jar;D:\Documents\.m2\repository\org\tmatesoft\svnkit\trilead-ssh2\build213-svnkit-1.3-patch\trilead-ssh2-build213-svnkit-1.3-patch.jar;D:\Documents\.m2\repository\org\tmatesoft\sqljet\sqljet\1.0.4\sqljet-1.0.4.jar;D:\Documents\.m2\repository\org\antlr\antlr-runtime\3.1.3\antlr-runtime-3.1.3.jar;D:\Documents\.m2\repository\org\antlr\stringtemplate\3.2\stringtemplate-3.2.jar;D:\Documents\.m2\repository\antlr\antlr\2.7.7\antlr-2.7.7.jar;D:\Documents\.m2\repository\commons-logging\commons-logging\1.1.1\commons-logging-1.1.1.jar;D:\Documents\.m2\repository\log4j\log4j\1.2.16\log4j-1.2.16.jar;D:\Documents\.m2\repository\junit\junit\4.8.1\junit-4.8.1.jar;"/>
    <property name="java.vm.specification.version" value="1.0"/>
    <property name="sun.arch.data.model" value="32"/>
    <property name="java.home" value="D:\env\Java\jdk\jre"/>
    <property name="sun.java.command" value="D:\workspace\svntoolkit\target\surefire\surefirebooter928600986568609530.jar D:\workspace\svntoolkit\target\surefire\surefire8198847501530143771tmp D:\workspace\svntoolkit\target\surefire\surefire2964544968384010067tmp"/>
    <property name="java.specification.vendor" value="Sun Microsystems Inc."/>
    <property name="user.language" value="zh"/>
    <property name="awt.toolkit" value="sun.awt.windows.WToolkit"/>
    <property name="java.vm.info" value="mixed mode, sharing"/>
    <property name="java.version" value="1.6.0_25"/>
    <property name="java.ext.dirs" value="D:\env\Java\jdk\jre\lib\ext;C:\WINDOWS\Sun\Java\lib\ext"/>
    <property name="sun.boot.class.path" value="D:\env\Java\jdk\jre\lib\resources.jar;D:\env\Java\jdk\jre\lib\rt.jar;D:\env\Java\jdk\jre\lib\sunrsasign.jar;D:\env\Java\jdk\jre\lib\jsse.jar;D:\env\Java\jdk\jre\lib\jce.jar;D:\env\Java\jdk\jre\lib\charsets.jar;D:\env\Java\jdk\jre\lib\modules\jdk.boot.jar;D:\env\Java\jdk\jre\classes"/>
    <property name="java.vendor" value="Sun Microsystems Inc."/>
    <property name="localRepository" value="D:\Documents\.m2\repository"/>
    <property name="file.separator" value="\"/>
    <property name="java.vendor.url.bug" value="http://java.sun.com/cgi-bin/bugreport.cgi"/>
    <property name="sun.cpu.endian" value="little"/>
    <property name="sun.io.unicode.encoding" value="UnicodeLittle"/>
    <property name="sun.desktop" value="windows"/>
    <property name="sun.cpu.isalist" value="pentium_pro+mmx pentium_pro pentium+mmx pentium i486 i386 i86"/>
  </properties>
  <testcase time="0" classname="com.netease.svntoolkit.AppTest" name="testApp"/>
</testsuite>